0 info it worked if it ends with ok
1 verbose cli [ 'C:\\Archivos de programa\\nodejs\\\\node.exe',
1 verbose cli   'C:\\Archivos de programa\\nodejs\\node_modules\\npm\\bin\\npm-cli.js',
1 verbose cli   'install' ]
2 info using npm@2.10.1
3 info using node@v0.12.4
4 verbose readDependencies loading dependencies from C:\Documents and Settings\Compaq_Propietario\APPS\mis_proyectos\quiz\package.json
5 verbose install where, deps [ 'C:\\Documents and Settings\\Compaq_Propietario\\APPS\\mis_proyectos\\quiz',
5 verbose install   [ 'body-parser',
5 verbose install     'cookie-parser',
5 verbose install     'debug',
5 verbose install     'ejs',
5 verbose install     'express',
5 verbose install     'express-partial',
5 verbose install     'morgan',
5 verbose install     'serve-favicon' ] ]
6 verbose install where, peers [ 'C:\\Documents and Settings\\Compaq_Propietario\\APPS\\mis_proyectos\\quiz',
6 verbose install   [] ]
7 verbose installManyTop reading for lifecycle C:\Documents and Settings\Compaq_Propietario\APPS\mis_proyectos\quiz\package.json
8 info preinstall quiz@0.0.0
9 verbose readDependencies loading dependencies from C:\Documents and Settings\Compaq_Propietario\APPS\mis_proyectos\quiz\package.json
10 silly cache add args [ 'debug@~2.2.0', null ]
11 verbose cache add spec debug@~2.2.0
12 silly cache add parsed spec { raw: 'debug@~2.2.0',
12 silly cache add   scope: null,
12 silly cache add   name: 'debug',
12 silly cache add   rawSpec: '~2.2.0',
12 silly cache add   spec: '>=2.2.0 <2.3.0',
12 silly cache add   type: 'range' }
13 silly addNamed debug@>=2.2.0 <2.3.0
14 verbose addNamed ">=2.2.0 <2.3.0" is a valid semver range for debug
15 silly addNameRange { name: 'debug', range: '>=2.2.0 <2.3.0', hasData: false }
16 silly mapToRegistry name debug
17 silly mapToRegistry using default registry
18 silly mapToRegistry registry https://registry.npmjs.org/
19 silly mapToRegistry uri https://registry.npmjs.org/debug
20 verbose addNameRange registry:https://registry.npmjs.org/debug not in flight; fetching
21 silly cache add args [ 'ejs@~2.3.1', null ]
22 verbose cache add spec ejs@~2.3.1
23 silly cache add parsed spec { raw: 'ejs@~2.3.1',
23 silly cache add   scope: null,
23 silly cache add   name: 'ejs',
23 silly cache add   rawSpec: '~2.3.1',
23 silly cache add   spec: '>=2.3.1 <2.4.0',
23 silly cache add   type: 'range' }
24 silly addNamed ejs@>=2.3.1 <2.4.0
25 verbose addNamed ">=2.3.1 <2.4.0" is a valid semver range for ejs
26 silly addNameRange { name: 'ejs', range: '>=2.3.1 <2.4.0', hasData: false }
27 silly mapToRegistry name ejs
28 silly mapToRegistry using default registry
29 silly mapToRegistry registry https://registry.npmjs.org/
30 silly mapToRegistry uri https://registry.npmjs.org/ejs
31 verbose addNameRange registry:https://registry.npmjs.org/ejs not in flight; fetching
32 silly cache add args [ 'express@~4.12.4', null ]
33 verbose cache add spec express@~4.12.4
34 silly cache add parsed spec { raw: 'express@~4.12.4',
34 silly cache add   scope: null,
34 silly cache add   name: 'express',
34 silly cache add   rawSpec: '~4.12.4',
34 silly cache add   spec: '>=4.12.4 <4.13.0',
34 silly cache add   type: 'range' }
35 silly addNamed express@>=4.12.4 <4.13.0
36 verbose addNamed ">=4.12.4 <4.13.0" is a valid semver range for express
37 silly addNameRange { name: 'express', range: '>=4.12.4 <4.13.0', hasData: false }
38 silly mapToRegistry name express
39 silly mapToRegistry using default registry
40 silly mapToRegistry registry https://registry.npmjs.org/
41 silly mapToRegistry uri https://registry.npmjs.org/express
42 verbose addNameRange registry:https://registry.npmjs.org/express not in flight; fetching
43 silly cache add args [ 'express-partial@^0.3.0', null ]
44 verbose cache add spec express-partial@^0.3.0
45 silly cache add parsed spec { raw: 'express-partial@^0.3.0',
45 silly cache add   scope: null,
45 silly cache add   name: 'express-partial',
45 silly cache add   rawSpec: '^0.3.0',
45 silly cache add   spec: '>=0.3.0 <0.4.0',
45 silly cache add   type: 'range' }
46 silly addNamed express-partial@>=0.3.0 <0.4.0
47 verbose addNamed ">=0.3.0 <0.4.0" is a valid semver range for express-partial
48 silly addNameRange { name: 'express-partial',
48 silly addNameRange   range: '>=0.3.0 <0.4.0',
48 silly addNameRange   hasData: false }
49 silly mapToRegistry name express-partial
50 silly mapToRegistry using default registry
51 silly mapToRegistry registry https://registry.npmjs.org/
52 silly mapToRegistry uri https://registry.npmjs.org/express-partial
53 verbose addNameRange registry:https://registry.npmjs.org/express-partial not in flight; fetching
54 silly cache add args [ 'morgan@~1.5.3', null ]
55 verbose cache add spec morgan@~1.5.3
56 silly cache add parsed spec { raw: 'morgan@~1.5.3',
56 silly cache add   scope: null,
56 silly cache add   name: 'morgan',
56 silly cache add   rawSpec: '~1.5.3',
56 silly cache add   spec: '>=1.5.3 <1.6.0',
56 silly cache add   type: 'range' }
57 silly addNamed morgan@>=1.5.3 <1.6.0
58 verbose addNamed ">=1.5.3 <1.6.0" is a valid semver range for morgan
59 silly addNameRange { name: 'morgan', range: '>=1.5.3 <1.6.0', hasData: false }
60 silly mapToRegistry name morgan
61 silly mapToRegistry using default registry
62 silly mapToRegistry registry https://registry.npmjs.org/
63 silly mapToRegistry uri https://registry.npmjs.org/morgan
64 verbose addNameRange registry:https://registry.npmjs.org/morgan not in flight; fetching
65 silly cache add args [ 'serve-favicon@~2.2.1', null ]
66 verbose cache add spec serve-favicon@~2.2.1
67 silly cache add parsed spec { raw: 'serve-favicon@~2.2.1',
67 silly cache add   scope: null,
67 silly cache add   name: 'serve-favicon',
67 silly cache add   rawSpec: '~2.2.1',
67 silly cache add   spec: '>=2.2.1 <2.3.0',
67 silly cache add   type: 'range' }
68 silly addNamed serve-favicon@>=2.2.1 <2.3.0
69 verbose addNamed ">=2.2.1 <2.3.0" is a valid semver range for serve-favicon
70 silly addNameRange { name: 'serve-favicon',
70 silly addNameRange   range: '>=2.2.1 <2.3.0',
70 silly addNameRange   hasData: false }
71 silly mapToRegistry name serve-favicon
72 silly mapToRegistry using default registry
73 silly mapToRegistry registry https://registry.npmjs.org/
74 silly mapToRegistry uri https://registry.npmjs.org/serve-favicon
75 verbose addNameRange registry:https://registry.npmjs.org/serve-favicon not in flight; fetching
76 silly cache add args [ 'body-parser@~1.12.4', null ]
77 verbose cache add spec body-parser@~1.12.4
78 silly cache add parsed spec { raw: 'body-parser@~1.12.4',
78 silly cache add   scope: null,
78 silly cache add   name: 'body-parser',
78 silly cache add   rawSpec: '~1.12.4',
78 silly cache add   spec: '>=1.12.4 <1.13.0',
78 silly cache add   type: 'range' }
79 silly addNamed body-parser@>=1.12.4 <1.13.0
80 verbose addNamed ">=1.12.4 <1.13.0" is a valid semver range for body-parser
81 silly addNameRange { name: 'body-parser',
81 silly addNameRange   range: '>=1.12.4 <1.13.0',
81 silly addNameRange   hasData: false }
82 silly mapToRegistry name body-parser
83 silly mapToRegistry using default registry
84 silly mapToRegistry registry https://registry.npmjs.org/
85 silly mapToRegistry uri https://registry.npmjs.org/body-parser
86 verbose addNameRange registry:https://registry.npmjs.org/body-parser not in flight; fetching
87 silly cache add args [ 'cookie-parser@~1.3.5', null ]
88 verbose cache add spec cookie-parser@~1.3.5
89 silly cache add parsed spec { raw: 'cookie-parser@~1.3.5',
89 silly cache add   scope: null,
89 silly cache add   name: 'cookie-parser',
89 silly cache add   rawSpec: '~1.3.5',
89 silly cache add   spec: '>=1.3.5 <1.4.0',
89 silly cache add   type: 'range' }
90 silly addNamed cookie-parser@>=1.3.5 <1.4.0
91 verbose addNamed ">=1.3.5 <1.4.0" is a valid semver range for cookie-parser
92 silly addNameRange { name: 'cookie-parser',
92 silly addNameRange   range: '>=1.3.5 <1.4.0',
92 silly addNameRange   hasData: false }
93 silly mapToRegistry name cookie-parser
94 silly mapToRegistry using default registry
95 silly mapToRegistry registry https://registry.npmjs.org/
96 silly mapToRegistry uri https://registry.npmjs.org/cookie-parser
97 verbose addNameRange registry:https://registry.npmjs.org/cookie-parser not in flight; fetching
98 verbose request uri https://registry.npmjs.org/express-partial
99 verbose request no auth needed
100 info attempt registry request try #1 at 23:21:46
101 verbose request id 5a161dcd0b732d56
102 http request GET https://registry.npmjs.org/express-partial
103 verbose request uri https://registry.npmjs.org/ejs
104 verbose request no auth needed
105 info attempt registry request try #1 at 23:21:47
106 verbose etag "7O8IH2G6JISIGUR5NDBDHE8Y"
107 http request GET https://registry.npmjs.org/ejs
108 verbose request uri https://registry.npmjs.org/debug
109 verbose request no auth needed
110 info attempt registry request try #1 at 23:21:47
111 verbose etag "3TLGN8CQ4J74B7IT0C0WAMAKI"
112 http request GET https://registry.npmjs.org/debug
113 verbose request uri https://registry.npmjs.org/cookie-parser
114 verbose request no auth needed
115 info attempt registry request try #1 at 23:21:47
116 verbose etag "9A3FTCS6E38ZBTCDO8J5705BX"
117 http request GET https://registry.npmjs.org/cookie-parser
118 verbose request uri https://registry.npmjs.org/morgan
119 verbose request no auth needed
120 info attempt registry request try #1 at 23:21:47
121 verbose etag "5GCELR45BUZ7YSJODPNMMIV3L"
122 http request GET https://registry.npmjs.org/morgan
123 verbose request uri https://registry.npmjs.org/serve-favicon
124 verbose request no auth needed
125 info attempt registry request try #1 at 23:21:47
126 verbose etag "AMVBSBF72YHRABB1ZWHLQNVI1"
127 http request GET https://registry.npmjs.org/serve-favicon
128 verbose request uri https://registry.npmjs.org/body-parser
129 verbose request no auth needed
130 info attempt registry request try #1 at 23:21:47
131 verbose etag "7GPZMPT59QT1LAS91CW0VYPLX"
132 http request GET https://registry.npmjs.org/body-parser
133 verbose request uri https://registry.npmjs.org/express
134 verbose request no auth needed
135 info attempt registry request try #1 at 23:21:47
136 verbose etag "7ES1C24UCD10AH6GAA6KP27KB"
137 http request GET https://registry.npmjs.org/express
138 http 304 https://registry.npmjs.org/debug
139 silly get cb [ 304,
139 silly get   { date: 'Sun, 05 Jul 2015 04:20:56 GMT',
139 silly get     via: '1.1 varnish',
139 silly get     'cache-control': 'max-age=60',
139 silly get     etag: '"3TLGN8CQ4J74B7IT0C0WAMAKI"',
139 silly get     age: '21',
139 silly get     connection: 'keep-alive',
139 silly get     'x-served-by': 'cache-lax1433-LAX',
139 silly get     'x-cache': 'HIT',
139 silly get     'x-cache-hits': '1',
139 silly get     'x-timer': 'S1436070056.497010,VS0,VE0',
139 silly get     vary: 'Accept' } ]
140 verbose etag https://registry.npmjs.org/debug from cache
141 verbose get saving debug to C:\Documents and Settings\Compaq_Propietario\Datos de programa\npm-cache\registry.npmjs.org\debug\.cache.json
142 http 304 https://registry.npmjs.org/cookie-parser
143 silly get cb [ 304,
143 silly get   { date: 'Sun, 05 Jul 2015 04:20:56 GMT',
143 silly get     via: '1.1 varnish',
143 silly get     'cache-control': 'max-age=60',
143 silly get     etag: '"9A3FTCS6E38ZBTCDO8J5705BX"',
143 silly get     age: '40',
143 silly get     connection: 'keep-alive',
143 silly get     'x-served-by': 'cache-lax1432-LAX',
143 silly get     'x-cache': 'HIT',
143 silly get     'x-cache-hits': '1',
143 silly get     'x-timer': 'S1436070056.501155,VS0,VE0',
143 silly get     vary: 'Accept' } ]
144 verbose etag https://registry.npmjs.org/cookie-parser from cache
145 verbose get saving cookie-parser to C:\Documents and Settings\Compaq_Propietario\Datos de programa\npm-cache\registry.npmjs.org\cookie-parser\.cache.json
146 silly addNameRange number 2 { name: 'cookie-parser', range: '>=1.3.5 <1.4.0', hasData: true }
147 silly addNameRange versions [ 'cookie-parser',
147 silly addNameRange   [ '1.0.0',
147 silly addNameRange     '1.0.1',
147 silly addNameRange     '1.1.0',
147 silly addNameRange     '1.2.0',
147 silly addNameRange     '1.3.0',
147 silly addNameRange     '1.3.1',
147 silly addNameRange     '1.3.2',
147 silly addNameRange     '1.3.3',
147 silly addNameRange     '1.3.4',
147 silly addNameRange     '1.3.5' ] ]
148 silly addNamed cookie-parser@1.3.5
149 verbose addNamed "1.3.5" is a plain semver version for cookie-parser
150 silly addNameRange number 2 { name: 'debug', range: '>=2.2.0 <2.3.0', hasData: true }
151 silly addNameRange versions [ 'debug',
151 silly addNameRange   [ '0.0.1',
151 silly addNameRange     '0.1.0',
151 silly addNameRange     '0.2.0',
151 silly addNameRange     '0.3.0',
151 silly addNameRange     '0.4.0',
151 silly addNameRange     '0.4.1',
151 silly addNameRange     '0.5.0',
151 silly addNameRange     '0.6.0',
151 silly addNameRange     '0.7.0',
151 silly addNameRange     '0.7.1',
151 silly addNameRange     '0.7.2',
151 silly addNameRange     '0.7.3',
151 silly addNameRange     '0.7.4',
151 silly addNameRange     '0.8.0',
151 silly addNameRange     '0.8.1',
151 silly addNameRange     '1.0.0',
151 silly addNameRange     '1.0.1',
151 silly addNameRange     '1.0.2',
151 silly addNameRange     '1.0.3',
151 silly addNameRange     '1.0.4',
151 silly addNameRange     '2.0.0',
151 silly addNameRange     '2.1.0',
151 silly addNameRange     '2.1.1',
151 silly addNameRange     '2.1.2',
151 silly addNameRange     '2.1.3',
151 silly addNameRange     '2.2.0' ] ]
152 silly addNamed debug@2.2.0
153 verbose addNamed "2.2.0" is a plain semver version for debug
154 http 304 https://registry.npmjs.org/serve-favicon
155 silly get cb [ 304,
155 silly get   { date: 'Sun, 05 Jul 2015 04:20:56 GMT',
155 silly get     via: '1.1 varnish',
155 silly get     'cache-control': 'max-age=60',
155 silly get     etag: '"AMVBSBF72YHRABB1ZWHLQNVI1"',
155 silly get     age: '40',
155 silly get     connection: 'keep-alive',
155 silly get     'x-served-by': 'cache-lax1427-LAX',
155 silly get     'x-cache': 'HIT',
155 silly get     'x-cache-hits': '1',
155 silly get     'x-timer': 'S1436070056.516525,VS0,VE0',
155 silly get     vary: 'Accept' } ]
156 verbose etag https://registry.npmjs.org/serve-favicon from cache
157 verbose get saving serve-favicon to C:\Documents and Settings\Compaq_Propietario\Datos de programa\npm-cache\registry.npmjs.org\serve-favicon\.cache.json
158 silly addNameRange number 2 { name: 'serve-favicon', range: '>=2.2.1 <2.3.0', hasData: true }
159 silly addNameRange versions [ 'serve-favicon',
159 silly addNameRange   [ '2.0.0',
159 silly addNameRange     '2.0.1',
159 silly addNameRange     '2.1.0',
159 silly addNameRange     '2.1.1',
159 silly addNameRange     '2.1.2',
159 silly addNameRange     '2.1.3',
159 silly addNameRange     '2.1.4',
159 silly addNameRange     '2.1.5',
159 silly addNameRange     '2.1.6',
159 silly addNameRange     '2.1.7',
159 silly addNameRange     '2.2.0',
159 silly addNameRange     '2.2.1',
159 silly addNameRange     '2.3.0' ] ]
160 silly addNamed serve-favicon@2.2.1
161 verbose addNamed "2.2.1" is a plain semver version for serve-favicon
162 silly cache afterAdd cookie-parser@1.3.5
163 verbose afterAdd C:\Documents and Settings\Compaq_Propietario\Datos de programa\npm-cache\cookie-parser\1.3.5\package\package.json not in flight; writing
164 silly cache afterAdd serve-favicon@2.2.1
165 verbose afterAdd C:\Documents and Settings\Compaq_Propietario\Datos de programa\npm-cache\serve-favicon\2.2.1\package\package.json not in flight; writing
166 silly cache afterAdd debug@2.2.0
167 verbose afterAdd C:\Documents and Settings\Compaq_Propietario\Datos de programa\npm-cache\debug\2.2.0\package\package.json not in flight; writing
168 verbose afterAdd C:\Documents and Settings\Compaq_Propietario\Datos de programa\npm-cache\cookie-parser\1.3.5\package\package.json written
169 verbose afterAdd C:\Documents and Settings\Compaq_Propietario\Datos de programa\npm-cache\serve-favicon\2.2.1\package\package.json written
170 verbose afterAdd C:\Documents and Settings\Compaq_Propietario\Datos de programa\npm-cache\debug\2.2.0\package\package.json written
171 http 304 https://registry.npmjs.org/ejs
172 silly get cb [ 304,
172 silly get   { date: 'Sun, 05 Jul 2015 04:20:56 GMT',
172 silly get     via: '1.1 varnish',
172 silly get     'cache-control': 'max-age=60',
172 silly get     etag: '"7O8IH2G6JISIGUR5NDBDHE8Y"',
172 silly get     age: '0',
172 silly get     connection: 'keep-alive',
172 silly get     'x-served-by': 'cache-lax1434-LAX',
172 silly get     'x-cache': 'HIT',
172 silly get     'x-cache-hits': '1',
172 silly get     'x-timer': 'S1436070056.512817,VS0,VE84',
172 silly get     vary: 'Accept' } ]
173 verbose etag https://registry.npmjs.org/ejs from cache
174 verbose get saving ejs to C:\Documents and Settings\Compaq_Propietario\Datos de programa\npm-cache\registry.npmjs.org\ejs\.cache.json
175 silly addNameRange number 2 { name: 'ejs', range: '>=2.3.1 <2.4.0', hasData: true }
176 silly addNameRange versions [ 'ejs',
176 silly addNameRange   [ '0.0.1',
176 silly addNameRange     '0.0.2',
176 silly addNameRange     '0.0.3',
176 silly addNameRange     '0.0.4',
176 silly addNameRange     '0.1.0',
176 silly addNameRange     '0.2.0',
176 silly addNameRange     '0.2.1',
176 silly addNameRange     '0.3.0',
176 silly addNameRange     '0.3.1',
176 silly addNameRange     '0.4.0',
176 silly addNameRange     '0.4.1',
176 silly addNameRange     '0.4.2',
176 silly addNameRange     '0.4.3',
176 silly addNameRange     '0.5.0',
176 silly addNameRange     '0.6.0',
176 silly addNameRange     '0.6.1',
176 silly addNameRange     '0.7.0',
176 silly addNameRange     '0.7.1',
176 silly addNameRange     '0.7.2',
176 silly addNameRange     '0.8.0',
176 silly addNameRange     '0.8.1',
176 silly addNameRange     '0.8.2',
176 silly addNameRange     '0.8.3',
176 silly addNameRange     '0.8.4',
176 silly addNameRange     '0.8.5',
176 silly addNameRange     '0.8.6',
176 silly addNameRange     '0.8.8',
176 silly addNameRange     '1.0.0',
176 silly addNameRange     '2.0.2',
176 silly addNameRange     '2.0.3',
176 silly addNameRange     '2.0.4',
176 silly addNameRange     '2.0.5',
176 silly addNameRange     '2.0.6',
176 silly addNameRange     '2.0.7',
176 silly addNameRange     '2.0.8',
176 silly addNameRange     '2.1.1',
176 silly addNameRange     '2.1.2',
176 silly addNameRange     '2.1.3',
176 silly addNameRange     '2.1.4',
176 silly addNameRange     '2.2.1',
176 silly addNameRange     '2.2.2',
176 silly addNameRange     '2.2.3',
176 silly addNameRange     '2.2.4',
176 silly addNameRange     '2.3.1',
176 silly addNameRange     '2.3.2' ] ]
177 silly addNamed ejs@2.3.2
178 verbose addNamed "2.3.2" is a plain semver version for ejs
179 http 200 https://registry.npmjs.org/morgan
180 silly get cb [ 200,
180 silly get   { server: 'CouchDB/1.5.0 (Erlang OTP/R16B03)',
180 silly get     etag: '"2Q1KRWU0OMXZ60E25SE7UV0FQ"',
180 silly get     'content-type': 'application/json',
180 silly get     'cache-control': 'max-age=60',
180 silly get     'content-length': '41684',
180 silly get     'accept-ranges': 'bytes',
180 silly get     date: 'Sun, 05 Jul 2015 04:20:56 GMT',
180 silly get     via: '1.1 varnish',
180 silly get     age: '51',
180 silly get     connection: 'keep-alive',
180 silly get     'x-served-by': 'cache-lax1423-LAX',
180 silly get     'x-cache': 'HIT',
180 silly get     'x-cache-hits': '1',
180 silly get     'x-timer': 'S1436070056.504471,VS0,VE0',
180 silly get     vary: 'Accept' } ]
181 verbose get saving morgan to C:\Documents and Settings\Compaq_Propietario\Datos de programa\npm-cache\registry.npmjs.org\morgan\.cache.json
182 silly addNameRange number 2 { name: 'morgan', range: '>=1.5.3 <1.6.0', hasData: true }
183 silly addNameRange versions [ 'morgan',
183 silly addNameRange   [ '1.0.0',
183 silly addNameRange     '1.0.1',
183 silly addNameRange     '1.1.0',
183 silly addNameRange     '1.1.1',
183 silly addNameRange     '1.2.0',
183 silly addNameRange     '1.2.1',
183 silly addNameRange     '1.2.2',
183 silly addNameRange     '1.2.3',
183 silly addNameRange     '1.3.0',
183 silly addNameRange     '1.3.1',
183 silly addNameRange     '1.3.2',
183 silly addNameRange     '1.4.0',
183 silly addNameRange     '1.4.1',
183 silly addNameRange     '1.5.0',
183 silly addNameRange     '1.5.1',
183 silly addNameRange     '1.5.2',
183 silly addNameRange     '1.5.3',
183 silly addNameRange     '1.6.0',
183 silly addNameRange     '1.6.1' ] ]
184 silly addNamed morgan@1.5.3
185 verbose addNamed "1.5.3" is a plain semver version for morgan
186 silly cache afterAdd ejs@2.3.2
187 verbose afterAdd C:\Documents and Settings\Compaq_Propietario\Datos de programa\npm-cache\ejs\2.3.2\package\package.json not in flight; writing
188 verbose afterAdd C:\Documents and Settings\Compaq_Propietario\Datos de programa\npm-cache\ejs\2.3.2\package\package.json written
189 silly cache afterAdd morgan@1.5.3
190 verbose afterAdd C:\Documents and Settings\Compaq_Propietario\Datos de programa\npm-cache\morgan\1.5.3\package\package.json not in flight; writing
191 verbose afterAdd C:\Documents and Settings\Compaq_Propietario\Datos de programa\npm-cache\morgan\1.5.3\package\package.json written
192 http 200 https://registry.npmjs.org/body-parser
193 silly get cb [ 200,
193 silly get   { server: 'CouchDB/1.5.0 (Erlang OTP/R16B03)',
193 silly get     etag: '"ACBCBLL5YBE59HTZZBJP3JY6E"',
193 silly get     'content-type': 'application/json',
193 silly get     'cache-control': 'max-age=60',
193 silly get     'content-length': '101743',
193 silly get     'accept-ranges': 'bytes',
193 silly get     date: 'Sun, 05 Jul 2015 04:20:56 GMT',
193 silly get     via: '1.1 varnish',
193 silly get     age: '40',
193 silly get     connection: 'keep-alive',
193 silly get     'x-served-by': 'cache-lax1433-LAX',
193 silly get     'x-cache': 'HIT',
193 silly get     'x-cache-hits': '1',
193 silly get     'x-timer': 'S1436070056.523540,VS0,VE0',
193 silly get     vary: 'Accept' } ]
194 verbose get saving body-parser to C:\Documents and Settings\Compaq_Propietario\Datos de programa\npm-cache\registry.npmjs.org\body-parser\.cache.json
195 silly addNameRange number 2 { name: 'body-parser', range: '>=1.12.4 <1.13.0', hasData: true }
196 silly addNameRange versions [ 'body-parser',
196 silly addNameRange   [ '1.0.0',
196 silly addNameRange     '1.0.1',
196 silly addNameRange     '1.0.2',
196 silly addNameRange     '1.1.0',
196 silly addNameRange     '1.1.1',
196 silly addNameRange     '1.1.2',
196 silly addNameRange     '1.2.0',
196 silly addNameRange     '1.2.1',
196 silly addNameRange     '1.2.2',
196 silly addNameRange     '1.3.0',
196 silly addNameRange     '1.3.1',
196 silly addNameRange     '1.4.0',
196 silly addNameRange     '1.4.1',
196 silly addNameRange     '1.4.2',
196 silly addNameRange     '1.4.3',
196 silly addNameRange     '1.5.0',
196 silly addNameRange     '1.5.1',
196 silly addNameRange     '1.5.2',
196 silly addNameRange     '1.6.0',
196 silly addNameRange     '1.6.1',
196 silly addNameRange     '1.6.2',
196 silly addNameRange     '1.6.3',
196 silly addNameRange     '1.6.4',
196 silly addNameRange     '1.6.5',
196 silly addNameRange     '1.6.6',
196 silly addNameRange     '1.6.7',
196 silly addNameRange     '1.7.0',
196 silly addNameRange     '1.8.0',
196 silly addNameRange     '1.8.1',
196 silly addNameRange     '1.8.2',
196 silly addNameRange     '1.8.3',
196 silly addNameRange     '1.8.4',
196 silly addNameRange     '1.9.0',
196 silly addNameRange     '1.9.1',
196 silly addNameRange     '1.9.2',
196 silly addNameRange     '1.9.3',
196 silly addNameRange     '1.10.0',
196 silly addNameRange     '1.10.1',
196 silly addNameRange     '1.10.2',
196 silly addNameRange     '1.11.0',
196 silly addNameRange     '1.12.0',
196 silly addNameRange     '1.12.1',
196 silly addNameRange     '1.12.2',
196 silly addNameRange     '1.12.3',
196 silly addNameRange     '1.12.4',
196 silly addNameRange     '1.13.0',
196 silly addNameRange     '1.13.1' ] ]
197 silly addNamed body-parser@1.12.4
198 verbose addNamed "1.12.4" is a plain semver version for body-parser
199 silly cache afterAdd body-parser@1.12.4
200 verbose afterAdd C:\Documents and Settings\Compaq_Propietario\Datos de programa\npm-cache\body-parser\1.12.4\package\package.json not in flight; writing
201 verbose afterAdd C:\Documents and Settings\Compaq_Propietario\Datos de programa\npm-cache\body-parser\1.12.4\package\package.json written
202 http 200 https://registry.npmjs.org/express-partial
203 silly get cb [ 200,
203 silly get   { server: 'CouchDB/1.5.0 (Erlang OTP/R16B03)',
203 silly get     etag: '"6LWTM2CT1R6BXE62EJE40L4CH"',
203 silly get     'content-type': 'application/json',
203 silly get     'cache-control': 'max-age=60',
203 silly get     'content-length': '4096',
203 silly get     'accept-ranges': 'bytes',
203 silly get     date: 'Sun, 05 Jul 2015 04:20:56 GMT',
203 silly get     via: '1.1 varnish',
203 silly get     age: '0',
203 silly get     connection: 'keep-alive',
203 silly get     'x-served-by': 'cache-lax1427-LAX',
203 silly get     'x-cache': 'MISS',
203 silly get     'x-cache-hits': '0',
203 silly get     'x-timer': 'S1436070056.492858,VS0,VE309',
203 silly get     vary: 'Accept' } ]
204 verbose get saving express-partial to C:\Documents and Settings\Compaq_Propietario\Datos de programa\npm-cache\registry.npmjs.org\express-partial\.cache.json
205 silly addNameRange number 2 { name: 'express-partial',
205 silly addNameRange   range: '>=0.3.0 <0.4.0',
205 silly addNameRange   hasData: true }
206 silly addNameRange versions [ 'express-partial', [ '0.1.0' ] ]
207 http 200 https://registry.npmjs.org/express
208 silly get cb [ 200,
208 silly get   { server: 'CouchDB/1.5.0 (Erlang OTP/R16B03)',
208 silly get     etag: '"8V30PDMNTRQJO0JAHL1X65VTL"',
208 silly get     'content-type': 'application/json',
208 silly get     'cache-control': 'max-age=60',
208 silly get     'content-length': '506212',
208 silly get     'accept-ranges': 'bytes',
208 silly get     date: 'Sun, 05 Jul 2015 04:20:56 GMT',
208 silly get     via: '1.1 varnish',
208 silly get     age: '24',
208 silly get     connection: 'keep-alive',
208 silly get     'x-served-by': 'cache-lax1421-LAX',
208 silly get     'x-cache': 'HIT',
208 silly get     'x-cache-hits': '1',
208 silly get     'x-timer': 'S1436070056.524729,VS0,VE2',
208 silly get     vary: 'Accept' } ]
209 verbose get saving express to C:\Documents and Settings\Compaq_Propietario\Datos de programa\npm-cache\registry.npmjs.org\express\.cache.json
210 silly addNameRange number 2 { name: 'express', range: '>=4.12.4 <4.13.0', hasData: true }
211 silly addNameRange versions [ 'express',
211 silly addNameRange   [ '0.14.0',
211 silly addNameRange     '0.14.1',
211 silly addNameRange     '1.0.0',
211 silly addNameRange     '1.0.1',
211 silly addNameRange     '1.0.2',
211 silly addNameRange     '1.0.3',
211 silly addNameRange     '1.0.4',
211 silly addNameRange     '1.0.5',
211 silly addNameRange     '1.0.6',
211 silly addNameRange     '1.0.7',
211 silly addNameRange     '1.0.8',
211 silly addNameRange     '2.0.0',
211 silly addNameRange     '2.1.0',
211 silly addNameRange     '2.1.1',
211 silly addNameRange     '2.2.0',
211 silly addNameRange     '2.2.1',
211 silly addNameRange     '2.2.2',
211 silly addNameRange     '2.3.0',
211 silly addNameRange     '2.3.1',
211 silly addNameRange     '2.3.2',
211 silly addNameRange     '2.3.3',
211 silly addNameRange     '2.3.4',
211 silly addNameRange     '2.3.5',
211 silly addNameRange     '2.3.6',
211 silly addNameRange     '2.3.7',
211 silly addNameRange     '2.3.8',
211 silly addNameRange     '2.3.9',
211 silly addNameRange     '2.3.10',
211 silly addNameRange     '2.3.11',
211 silly addNameRange     '2.3.12',
211 silly addNameRange     '2.4.0',
211 silly addNameRange     '2.4.1',
211 silly addNameRange     '2.4.2',
211 silly addNameRange     '2.4.3',
211 silly addNameRange     '2.4.4',
211 silly addNameRange     '2.4.5',
211 silly addNameRange     '2.4.6',
211 silly addNameRange     '2.4.7',
211 silly addNameRange     '2.5.0',
211 silly addNameRange     '2.5.1',
211 silly addNameRange     '2.5.2',
211 silly addNameRange     '2.5.3',
211 silly addNameRange     '2.5.4',
211 silly addNameRange     '2.5.5',
211 silly addNameRange     '2.5.6',
211 silly addNameRange     '2.5.7',
211 silly addNameRange     '2.5.8',
211 silly addNameRange     '2.5.9',
211 silly addNameRange     '2.5.10',
211 silly addNameRange     '2.5.11',
211 silly addNameRange     '3.0.0',
211 silly addNameRange     '3.0.1',
211 silly addNameRange     '3.0.2',
211 silly addNameRange     '3.0.3',
211 silly addNameRange     '3.0.4',
211 silly addNameRange     '3.0.5',
211 silly addNameRange     '3.0.6',
211 silly addNameRange     '3.1.0',
211 silly addNameRange     '3.1.1',
211 silly addNameRange     '3.1.2',
211 silly addNameRange     '3.2.0',
211 silly addNameRange     '3.2.1',
211 silly addNameRange     '3.2.2',
211 silly addNameRange     '3.2.3',
211 silly addNameRange     '3.2.4',
211 silly addNameRange     '3.2.5',
211 silly addNameRange     '3.2.6',
211 silly addNameRange     '3.3.0',
211 silly addNameRange     '3.3.1',
211 silly addNameRange     '3.3.2',
211 silly addNameRange     '3.3.3',
211 silly addNameRange     '3.3.4',
211 silly addNameRange     '3.3.5',
211 silly addNameRange     '3.3.6',
211 silly addNameRange     '1.0.0-beta',
211 silly addNameRange     '1.0.0-beta2',
211 silly addNameRange     '1.0.0-rc',
211 silly addNameRange     '1.0.0-rc2',
211 silly addNameRange     '1.0.0-rc3',
211 silly addNameRange     '1.0.0-rc4',
211 silly addNameRange     '2.0.0-beta',
211 silly addNameRange     '2.0.0-beta2',
211 silly addNameRange     '2.0.0-beta3',
211 silly addNameRange     '2.0.0-rc',
211 silly addNameRange     '2.0.0-rc2',
211 silly addNameRange     '2.0.0-rc3',
211 silly addNameRange     '3.0.0-alpha1',
211 silly addNameRange     '3.0.0-alpha2',
211 silly addNameRange     '3.0.0-alpha3',
211 silly addNameRange     '3.0.0-alpha4',
211 silly addNameRange     '3.0.0-alpha5',
211 silly addNameRange     '3.0.0-beta1',
211 silly addNameRange     '3.0.0-beta2',
211 silly addNameRange     '3.0.0-beta3',
211 silly addNameRange     '3.0.0-beta4',
211 silly addNameRange     '3.0.0-beta6',
211 silly addNameRange     '3.0.0-beta7',
211 silly addNameRange     '3.0.0-rc1',
211 silly addNameRange     '3.0.0-rc2',
211 silly addNameRange     '3.0.0-rc3',
211 silly addNameRange     '3.0.0-rc4',
211 silly addNameRange     '3.0.0-rc5',
211 silly addNameRange     '3.3.7',
211 silly addNameRange     '3.3.8',
211 silly addNameRange     '3.4.0',
211 silly addNameRange     '3.4.1',
211 silly addNameRange     '3.4.2',
211 silly addNameRange     '3.4.3',
211 silly addNameRange     '3.4.4',
211 silly addNameRange     '3.4.5',
211 silly addNameRange     '3.4.6',
211 silly addNameRange     '3.4.7',
211 silly addNameRange     '3.4.8',
211 silly addNameRange     '4.0.0-rc1',
211 silly addNameRange     '4.0.0-rc2',
211 silly addNameRange     '3.5.0',
211 silly addNameRange     '4.0.0-rc3',
211 silly addNameRange     '4.0.0-rc4',
211 silly addNameRange     '3.5.1',
211 silly addNameRange     '4.0.0',
211 silly addNameRange     '3.5.2',
211 silly addNameRange     '4.1.0',
211 silly addNameRange     '4.1.1',
211 silly addNameRange     '3.5.3',
211 silly addNameRange     '4.1.2',
211 silly addNameRange     '3.6.0',
211 silly addNameRange     '4.2.0',
211 silly addNameRange     '3.7.0',
211 silly addNameRange     '3.8.0',
211 silly addNameRange     '4.3.0',
211 silly addNameRange     '4.3.1',
211 silly addNameRange     '3.8.1',
211 silly addNameRange     '4.3.2',
211 silly addNameRange     '3.9.0',
211 silly addNameRange     '4.4.0',
211 silly addNameRange     '4.4.1',
211 silly addNameRange     '3.10.0',
211 silly addNameRange     '3.10.1',
211 silly addNameRange     '3.10.2',
211 silly addNameRange     '3.10.3',
211 silly addNameRange     '3.10.4',
211 silly addNameRange     '4.4.2',
211 silly addNameRange     '3.10.5',
211 silly addNameRange     '4.4.3',
211 silly addNameRange     '3.11.0',
211 silly addNameRange     '4.4.4',
211 silly addNameRange     '3.12.0',
211 silly addNameRange     '3.12.1',
211 silly addNameRange     '4.4.5',
211 silly addNameRange     '3.13.0',
211 silly addNameRange     '4.5.0',
211 silly addNameRange     '4.5.1',
211 silly addNameRange     '3.14.0',
211 silly addNameRange     '4.6.0',
211 silly addNameRange     '4.6.1',
211 silly addNameRange     '3.15.0',
211 silly addNameRange     '4.7.0',
211 silly addNameRange     '3.15.1',
211 silly addNameRange     '4.7.1',
211 silly addNameRange     '3.15.2',
211 silly addNameRange     '4.7.2',
211 silly addNameRange     '4.7.3',
211 silly addNameRange     '3.15.3',
211 silly addNameRange     '4.7.4',
211 silly addNameRange     '3.16.0',
211 silly addNameRange     '4.8.0',
211 silly addNameRange     '3.16.1',
211 silly addNameRange     '4.8.1',
211 silly addNameRange     '3.16.2',
211 silly addNameRange     '4.8.2',
211 silly addNameRange     '3.16.3',
211 silly addNameRange     '3.16.4',
211 silly addNameRange     '4.8.3',
211 silly addNameRange     '3.16.5',
211 silly addNameRange     '3.16.6',
211 silly addNameRange     '4.8.4',
211 silly addNameRange     '3.16.7',
211 silly addNameRange     '4.8.5',
211 silly addNameRange     '3.16.8',
211 silly addNameRange     '4.8.6',
211 silly addNameRange     '3.16.9',
211 silly addNameRange     '4.8.7',
211 silly addNameRange     '3.16.10',
211 silly addNameRange     '4.8.8',
211 silly addNameRange     '3.17.0',
211 silly addNameRange     '3.17.1',
211 silly addNameRange     '4.9.0',
211 silly addNameRange     '3.17.2',
211 silly addNameRange     '4.9.1',
211 silly addNameRange     '4.9.2',
211 silly addNameRange     '3.17.3',
211 silly addNameRange     '4.9.3',
211 silly addNameRange     '3.17.4',
211 silly addNameRange     '4.9.4',
211 silly addNameRange     '3.17.5',
211 silly addNameRange     '4.9.5',
211 silly addNameRange     '3.17.6',
211 silly addNameRange     '3.17.7',
211 silly addNameRange     '4.9.6',
211 silly addNameRange     '4.9.7',
211 silly addNameRange     '3.17.8',
211 silly addNameRange     '4.9.8',
211 silly addNameRange     '3.18.0',
211 silly addNameRange     '3.18.1',
211 silly addNameRange     '4.10.0',
211 silly addNameRange     '3.18.2',
211 silly addNameRange     '4.10.1',
211 silly addNameRange     '5.0.0-alpha.1',
211 silly addNameRange     '3.18.3',
211 silly addNameRange     '4.10.2',
211 silly addNameRange     '3.18.4',
211 silly addNameRange     '4.10.3',
211 silly addNameRange     '4.10.4',
211 silly addNameRange     '4.10.5',
211 silly addNameRange     '3.18.5',
211 silly addNameRange     '3.18.6',
211 silly addNameRange     '4.10.6',
211 silly addNameRange     '4.10.7',
211 silly addNameRange     '3.19.0',
211 silly addNameRange     '4.10.8',
211 silly addNameRange     '4.11.0',
211 silly addNameRange     '3.19.1',
211 silly addNameRange     '4.11.1',
211 silly addNameRange     '3.19.2',
211 silly addNameRange     '4.11.2',
211 silly addNameRange     '3.20.0',
211 silly addNameRange     '4.12.0',
211 silly addNameRange     '3.20.1',
211 silly addNameRange     '4.12.1',
211 silly addNameRange     '4.12.2',
211 silly addNameRange     '3.20.2',
211 silly addNameRange     '4.12.3',
211 silly addNameRange     '3.20.3',
211 silly addNameRange     '4.12.4',
211 silly addNameRange     '3.21.0',
211 silly addNameRange     '4.13.0' ] ]
212 silly addNamed express@4.12.4
213 verbose addNamed "4.12.4" is a plain semver version for express
214 silly cache afterAdd express@4.12.4
215 verbose afterAdd C:\Documents and Settings\Compaq_Propietario\Datos de programa\npm-cache\express\4.12.4\package\package.json not in flight; writing
216 verbose afterAdd C:\Documents and Settings\Compaq_Propietario\Datos de programa\npm-cache\express\4.12.4\package\package.json written
217 verbose stack Error: No compatible version found: express-partial@'>=0.3.0 <0.4.0'
217 verbose stack Valid install targets:
217 verbose stack ["0.1.0"]
217 verbose stack
217 verbose stack     at installTargetsError (C:\Archivos de programa\nodejs\node_modules\npm\lib\cache\add-named.js:274:12)
217 verbose stack     at next (C:\Archivos de programa\nodejs\node_modules\npm\lib\cache\add-named.js:253:17)
217 verbose stack     at setData (C:\Archivos de programa\nodejs\node_modules\npm\lib\cache\add-named.js:230:5)
217 verbose stack     at RES (C:\Archivos de programa\nodejs\node_modules\npm\node_modules\inflight\inflight.js:23:14)
217 verbose stack     at f (C:\Archivos de programa\nodejs\node_modules\npm\node_modules\once\once.js:17:25)
217 verbose stack     at fixName (C:\Archivos de programa\nodejs\node_modules\npm\lib\cache\add-named.js:29:5)
217 verbose stack     at saved (C:\Archivos de programa\nodejs\node_modules\npm\lib\cache\caching-client.js:173:7)
217 verbose stack     at FSReqWrap.oncomplete (fs.js:95:15)
218 verbose cwd C:\Documents and Settings\Compaq_Propietario\APPS\mis_proyectos\quiz
219 error Windows_NT 5.1.2600
220 error argv "C:\\Archivos de programa\\nodejs\\\\node.exe" "C:\\Archivos de programa\\nodejs\\node_modules\\npm\\bin\\npm-cli.js" "install"
221 error node v0.12.4
222 error npm  v2.10.1
223 error code ETARGET
224 error notarget No compatible version found: express-partial@'>=0.3.0 <0.4.0'
224 error notarget Valid install targets:
224 error notarget ["0.1.0"]
224 error notarget
224 error notarget This is most likely not a problem with npm itself.
224 error notarget In most cases you or one of your dependencies are requesting
224 error notarget a package version that doesn't exist.
224 error notarget
224 error notarget It was specified as a dependency of 'quiz'
225 verbose exit [ 1, true ]
